<?xml version="1.0" encoding="UTF-8"?>
<testsuite name="ru.stqa.pft.sandbox.SquareTest" tests="1" skipped="0" failures="0" errors="0" timestamp="2021-08-23T11:08:49" hostname="KOLUM0PC" time="0.023">
  <properties/>
  <testcase name="testArea" classname="ru.stqa.pft.sandbox.SquareTest" time="0.023"/>
  <system-out><![CDATA[]]></system-out>
  <system-err><![CDATA[]]></system-err>
</testsuite>
